<?xml version="1.0" encoding="UTF-8"?>
<!-- Generated by org.testng.reporters.JUnitReportReporter -->
<testsuite skipped="6" hostname="BLT009" name="report.BasicExtentReport" tests="7" failures="0" timestamp="2020-02-19T14:58:28 IST" time="-1582104448.000" errors="1">
  <testcase name="testCase1" time="0.000" classname="report.BasicExtentReport">
    <skipped/>
  </testcase> <!-- testCase1 -->
  <system-out/>
  <testcase name="testCase5" time="0.000" classname="report.BasicExtentReport">
    <skipped/>
  </testcase> <!-- testCase5 -->
  <system-out/>
  <testcase name="startReport" time="-1582104448.000" classname="report.BasicExtentReport">
    <error type="org.testng.TestNGException" message="
Parameter &#039;OS&#039; is required by BeforeTest on method startReport but has not been marked @Optional or defined
in C:\Users\BLTuser.BLT037\AppData\Local\Temp\testng-eclipse--426385026\testng-customsuite.xml">
      <![CDATA[org.testng.TestNGException: 
Parameter 'OS' is required by BeforeTest on method startReport but has not been marked @Optional or defined
in C:\Users\BLTuser.BLT037\AppData\Local\Temp\testng-eclipse--426385026\testng-customsuite.xml
at org.testng.internal.Parameters.createParams(Parameters.java:272)
at org.testng.internal.Parameters.createParametersForMethod(Parameters.java:360)
at org.testng.internal.Parameters.createParameters(Parameters.java:704)
at org.testng.internal.Parameters.createConfigurationParameters(Parameters.java:166)
at org.testng.internal.ConfigInvoker.invokeConfigurations(ConfigInvoker.java:283)
at org.testng.TestRunner.invokeTestConfigurations(TestRunner.java:619)
at org.testng.TestRunner.beforeRun(TestRunner.java:609)
at org.testng.TestRunner.run(TestRunner.java:580)
at org.testng.SuiteRunner.runTest(SuiteRunner.java:384)
at org.testng.SuiteRunner.runSequentially(SuiteRunner.java:378)
at org.testng.SuiteRunner.privateRun(SuiteRunner.java:337)
at org.testng.SuiteRunner.run(SuiteRunner.java:286)
at org.testng.SuiteRunnerWorker.runSuite(SuiteRunnerWorker.java:53)
at org.testng.SuiteRunnerWorker.run(SuiteRunnerWorker.java:96)
at org.testng.TestNG.runSuitesSequentially(TestNG.java:1187)
at org.testng.TestNG.runSuitesLocally(TestNG.java:1109)
at org.testng.TestNG.runSuites(TestNG.java:1039)
at org.testng.TestNG.run(TestNG.java:1007)
at org.testng.remote.AbstractRemoteTestNG.run(AbstractRemoteTestNG.java:115)
at org.testng.remote.RemoteTestNG.initAndRun(RemoteTestNG.java:251)
at org.testng.remote.RemoteTestNG.main(RemoteTestNG.java:77)
]]>
    </error>
  </testcase> <!-- startReport -->
  <system-out/>
  <testcase name="testCase2" time="0.000" classname="report.BasicExtentReport">
    <skipped/>
  </testcase> <!-- testCase2 -->
  <system-out/>
  <testcase name="testCase3" time="0.000" classname="report.BasicExtentReport">
    <skipped/>
  </testcase> <!-- testCase3 -->
  <system-out/>
  <testcase name="testCase4" time="0.000" classname="report.BasicExtentReport">
    <skipped/>
  </testcase> <!-- testCase4 -->
  <system-out/>
  <testcase name="testCase6" classname="report.BasicExtentReport">
    <skipped/>
  </testcase> <!-- testCase6 -->
  <system-out/>
</testsuite> <!-- report.BasicExtentReport -->
